<?xml version="1.0" encoding="UTF-8"?>
<!-- Generated by org.testng.reporters.JUnitReportReporter -->
<testsuite name="DgroupId.HomePage" tests="1" time="1.496" ignored="0" failures="0" timestamp="05 Oct 2019 07:09:40 GMT" skipped="0" hostname="DESKTOP-55FRKVB" errors="0">
  <testcase name="basePageNavigation" time="1.496" classname="DgroupId.HomePage"/>
</testsuite> <!-- DgroupId.HomePage -->
