<?xml version="1.0" encoding="UTF-8"?>
<!-- Generated by org.testng.reporters.JUnitReportReporter -->
<testsuite hostname="DESKTOP-55FRKVB" name="DgroupId.HomePage" tests="1" failures="0" timestamp="5 Oct 2019 07:17:12 GMT" time="1.505" errors="0">
  <testcase name="basePageNavigation" time="1.505" classname="DgroupId.HomePage"/>
</testsuite> <!-- DgroupId.HomePage -->
