<?xml version="1.0" encoding="UTF-8"?>
<!-- Generated by org.testng.reporters.JUnitReportReporter -->
<testsuite hostname="DESKTOP-55FRKVB" name="DgroupId.LogOut" tests="1" failures="0" timestamp="5 Oct 2019 07:17:12 GMT" time="0.000" errors="0">
  <testcase name="LogOutPage" time="0.000" classname="DgroupId.LogOut"/>
</testsuite> <!-- DgroupId.LogOut -->
